<?xml version="1.0" encoding="UTF-8"?>
<!-- Generated by org.testng.reporters.JUnitReportReporter -->
<testsuite ignored="0" hostname="USBLRRBKRISHNA1" failures="0" tests="1" name="cases.Test1" time="15.549" errors="0" timestamp="16 Jun 2023 10:14:25 GMT" skipped="0">
  <testcase classname="cases.Test1" name="amazon" time="15.549"/>
</testsuite> <!-- cases.Test1 -->
