<?xml version="1.0" encoding="UTF-8"?>
<!-- Generated by org.testng.reporters.JUnitReportReporter -->
<testsuite ignored="0" hostname="USBLRRBKRISHNA1" failures="0" tests="1" name="cases.AmazonRun" time="32.955" errors="0" timestamp="29 Jun 2023 14:26:05 GMT" skipped="0">
  <testcase classname="cases.AmazonRun" name="amazon" time="32.955"/>
</testsuite> <!-- cases.AmazonRun -->
