<?xml version="1.0" encoding="UTF-8"?>
<!-- Generated by org.testng.reporters.JUnitReportReporter -->
<testsuite ignored="0" hostname="USBLRRBKRISHNA1" failures="0" tests="1" name="cases.MMTRun" time="28.305" errors="0" timestamp="29 Jun 2023 14:52:47 GMT" skipped="0">
  <testcase classname="cases.MMTRun" name="mmt" time="28.305"/>
</testsuite> <!-- cases.MMTRun -->
